<?xml version="1.0" encoding="UTF-8"?>
<testsuites name="Mocha Tests" time="25.201" tests="1" failures="1">
  <testsuite name="Root Suite" timestamp="2024-05-14T07:41:51" tests="0" file="cypress\e2e\verify_products.cy.js" time="0.000" failures="0">
  </testsuite>
  <testsuite name="Test Case 8: Verify All Products and product detail page" timestamp="2024-05-14T07:41:51" tests="1" time="24.784" failures="1">
    <testcase name="Test Case 8: Verify All Products and product detail page Verify All Products and product detail page" time="0.000" classname="Verify All Products and product detail page">
      <failure message="Timed out retrying after 4000ms: Expected to find element: `body &gt; section:nth-child(3) &gt; div &gt; div &gt; div.col-sm-9.padding-right &gt; div &gt; div:nth-child(3) &gt; div &gt; div.choose &gt; ul`, but never found it." type="AssertionError"><![CDATA[AssertionError: Timed out retrying after 4000ms: Expected to find element: `body > section:nth-child(3) > div > div > div.col-sm-9.padding-right > div > div:nth-child(3) > div > div.choose > ul`, but never found it.
    at Context.eval (webpack:///./cypress/e2e/verify_products.cy.js:22:11)]]></failure>
    </testcase>
  </testsuite>
</testsuites>